2024-01-23T14:34:14.983Z / GET 1.1 Mozilla/5.0 (Windows NT 10.0; Win64; x64) AppleWebKit/537.36 (KHTML, like Gecko) Chrome/120.0.0.0 Safari/537.36
2024-01-23T14:34:15.822Z / GET 1.1 Mozilla/5.0 (Windows NT 10.0; Win64; x64) AppleWebKit/537.36 (KHTML, like Gecko) Chrome/120.0.0.0 Safari/537.36
2024-01-23T14:34:16.264Z / GET 1.1 Mozilla/5.0 (Windows NT 10.0; Win64; x64) AppleWebKit/537.36 (KHTML, like Gecko) Chrome/120.0.0.0 Safari/537.36
2024-01-23T14:34:16.503Z / GET 1.1 Mozilla/5.0 (Windows NT 10.0; Win64; x64) AppleWebKit/537.36 (KHTML, like Gecko) Chrome/120.0.0.0 Safari/537.36
2024-01-23T14:34:16.687Z / GET 1.1 Mozilla/5.0 (Windows NT 10.0; Win64; x64) AppleWebKit/537.36 (KHTML, like Gecko) Chrome/120.0.0.0 Safari/537.36
2024-01-23T14:35:33.789Z / GET
2024-01-23T14:35:34.256Z / GET
2024-01-23T14:35:34.600Z / GET
2024-01-23T14:35:34.943Z / GET
2024-01-23T18:23:57.409Z / GET
2024-01-23T18:23:57.471Z /favicon.ico GET
2024-01-23T18:23:58.739Z / GET
2024-01-23T18:23:58.967Z / GET
2024-01-23T18:23:59.167Z / GET
2024-01-23T18:23:59.391Z / GET
2024-01-23T20:40:51.448Z / GET
2024-01-23T20:40:51.504Z /favicon.ico GET
2024-01-23T20:41:16.987Z /lorem/3 GET
2024-02-08T19:19:28.790Z / GET
2024-02-19T18:20:10.314Z /v1/produto GET
2024-02-19T18:28:35.995Z /v1/produto POST
2024-02-19T18:31:14.511Z /v1/produto POST
2024-02-19T18:31:16.096Z /v1/produto POST
2024-02-19T18:31:22.607Z /v1/produto POST
2024-02-19T18:31:30.390Z /v1/produto POST
2024-02-19T18:35:26.981Z /v1/produto POST
2024-02-19T18:39:10.263Z /v1/produto POST
2024-02-19T18:40:41.603Z /v1/produto POST
2024-02-19T18:41:01.082Z /v1/produto POST
2024-02-19T18:41:31.136Z /v1/produto/ POST
2024-02-19T18:43:40.495Z /v1/produto/ POST
2024-02-19T18:43:53.107Z /v1/produto/ POST
2024-02-19T18:43:58.704Z /v1/produto/ POST
2024-02-19T18:51:19.643Z /v1/produto/ POST
2024-02-19T18:52:32.398Z /v1/produto/ POST
2024-02-19T18:52:36.449Z /v1/produto/ POST
2024-02-19T18:52:41.440Z /v1/produto/ POST
2024-02-19T18:52:49.171Z /v1/produto/ POST
2024-02-19T18:53:01.709Z /produto/ POST
2024-02-19T18:53:12.706Z /v1/produto/ POST
2024-02-19T18:54:20.022Z /v1/produto/ POST
2024-02-19T18:58:05.074Z /v1/produto/ POST
2024-02-19T19:04:27.817Z /v1/produto/ POST
2024-02-19T19:09:07.111Z /v1/produto/ POST
2024-02-19T19:09:09.148Z /v1/produto/ POST
2024-02-19T19:09:46.792Z /v1/produto/ POST
2024-02-19T19:09:47.982Z /v1/produto/ POST
2024-02-19T19:10:00.087Z /v1/produto/ POST
2024-02-19T19:11:20.623Z /v1/produto/ POST
2024-02-19T19:12:48.262Z /v1/produto/ POST
2024-02-19T19:14:00.010Z /v1/produto/ POST
2024-02-19T19:14:01.542Z /v1/produto/ POST
2024-02-19T19:14:02.561Z /v1/produto/ POST
2024-02-19T19:14:03.268Z /v1/produto/ POST
2024-02-19T19:20:35.585Z / POST
2024-02-19T19:20:46.975Z /v1/usuario POST
2024-02-19T19:21:44.868Z /v1/usuario POST
2024-02-19T19:22:08.579Z /v1/produto/ POST
2024-02-19T19:25:49.471Z /v1/produto/ POST
2024-02-19T19:31:43.089Z /v1/usuario POST
2024-02-19T19:34:26.523Z /v1/usuario POST
2024-02-19T19:36:14.924Z /v1/usuario POST
2024-02-19T19:36:35.130Z /v1/usuario POST
2024-02-19T19:37:28.163Z /v1/produto/ POST
2024-02-19T19:38:51.259Z /v1/produto/ POST
2024-02-19T19:40:12.059Z /v1/produto/ POST
2024-02-20T18:22:52.575Z /v1/produto GET
2024-02-20T18:25:59.388Z /v1/Usuario GET
2024-02-20T18:29:10.354Z /v1/produto/9194b2e4-f0db-49c8-ba7f-bf1ff5366f00 GET
2024-02-20T18:31:38.987Z /v1/produto/9194b2e4-f0db-49c8-ba7f-bf1ff5366f00 PUT
2024-02-20T18:32:03.525Z /v1/produto/9194b2e4-f0db-49c8-ba7f-bf1ff5366f00 GET
2024-02-20T18:47:10.194Z /v1/produto/9194b2e4-f0db-49c8-ba7f-bf1ff5366f00 GET
2024-02-20T18:47:17.841Z /v1/produto/9194b2e4-f0db-49c8-ba7f-bf1ff5366f00 PUT
2024-02-20T18:47:24.518Z /v1/produto/9194b2e4-f0db-49c8-ba7f-bf1ff5366f00 GET
2024-02-20T18:47:43.765Z /v1/produto/9194b2e4-f0db-49c8-ba7f-bf1ff5366f00 PUT
2024-02-20T18:47:47.104Z /v1/produto/9194b2e4-f0db-49c8-ba7f-bf1ff5366f00 GET
2024-02-20T18:55:32.260Z /v1/produto/9194b2e4-f0db-49c8-ba7f-bf1ff5366f00 GET
2024-02-20T18:59:42.110Z /v1/produto/9194b2e4-f0db-49c8-ba7f-bf1ff5366f00 DELETE
2024-02-20T19:00:58.515Z /v1/produto/ POST
2024-02-20T19:03:00.025Z /v1/produto/d5f6891c-8ca2-415b-88a0-b2f58be9fd93 PUT
2024-02-20T19:03:16.542Z /v1/produto/d5f6891c-8ca2-415b-88a0-b2f58be9fd93 PUT
2024-02-20T19:03:47.309Z /v1/produto/d5f6891c-8ca2-415b-88a0-b2f58be9fd93 PUT
2024-02-20T19:05:35.869Z /v1/produto/d5f6891c-8ca2-415b-88a0-b2f58be9fd93 PUT
2024-02-20T19:08:24.368Z /v1/produto/ POST
2024-02-20T19:08:50.981Z /v1/produto GET
2024-02-20T19:09:00.730Z /v1/produto/add99364-c340-40bd-9342-c9993bf31022 GET
2024-02-20T19:09:26.238Z /v1/produto/add99364-c340-40bd-9342-c9993bf31022 PUT
2024-02-20T19:09:44.080Z /v1/produto/add99364-c340-40bd-9342-c9993bf31022 PUT
2024-02-20T19:09:54.887Z /v1/produto/add99364-c340-40bd-9342-c9993bf31022 DELETE
2024-02-20T20:04:41.026Z /v1/Usuario GET
2024-02-20T20:25:11.032Z /v1/usuario POST
2024-02-20T20:37:43.329Z /v1/signup POST
2024-02-20T20:41:28.091Z /v1/signup POST
2024-02-20T21:08:41.449Z /v1/login GET
2024-02-20T21:09:08.873Z /v1/login POST
2024-02-20T21:09:15.474Z /v1/login POST
2024-02-20T21:09:17.487Z /v1/login POST
2024-02-20T21:10:10.568Z /v1/login POST
2024-02-20T21:10:24.699Z /v1/login POST
2024-02-20T21:10:29.080Z /v1/login POST
2024-02-20T21:12:17.001Z /v1/login POST
2024-02-20T21:18:16.307Z /v1/login POST
2024-02-20T21:19:16.820Z /v1/produto/ POST
2024-02-20T21:41:46.522Z /api GET
2024-02-20T21:41:46.583Z /api/ GET
2024-02-20T21:41:46.659Z /api/swagger-ui.css GET
2024-02-20T21:41:46.713Z /api/swagger-ui-bundle.js GET
2024-02-20T21:41:46.735Z /api/swagger-ui-standalone-preset.js GET
2024-02-20T21:41:46.743Z /api/swagger-ui-init.js GET
2024-02-20T21:41:48.428Z /api/favicon-32x32.png GET
2024-02-21T17:42:43.297Z /v1/produto GET
2024-02-21T17:43:08.521Z /v1/produto/ POST
2024-02-22T20:45:30.518Z /v1/signup POST
2024-02-22T20:49:11.438Z /v1/login PUT
2024-02-22T20:50:13.612Z /v1/login PUT
2024-02-22T20:50:27.639Z /v1/produto/ POST
2024-02-22T20:50:55.469Z /v1/produto/ POST
2024-02-22T20:51:11.848Z /v1/login PUT
2024-02-22T20:52:47.819Z /v1/usuario POST
2024-02-22T20:53:28.155Z /v1/login PUT
2024-02-22T20:53:36.710Z /v1/produto/ POST
2024-03-05T20:25:18.323Z /v1/produto GET
2024-03-05T20:25:18.816Z /v1/produto GET
2024-03-05T20:30:43.198Z /v1/produto GET
2024-03-05T20:30:43.296Z /v1/produto GET
2024-03-05T20:32:58.784Z /v1/produto GET
2024-03-05T20:32:58.846Z /v1/produto GET
2024-03-05T20:33:04.870Z /v1/produto GET
2024-03-05T20:33:04.921Z /v1/produto GET
2024-03-05T20:35:10.057Z /v1/produto GET
2024-03-05T20:35:10.104Z /v1/produto GET
2024-03-05T20:35:11.830Z /v1/produto GET
2024-03-05T20:35:11.884Z /v1/produto GET
2024-03-05T20:52:55.728Z /v1/produto GET
2024-03-05T20:52:55.794Z /v1/produto GET
2024-03-05T20:53:01.321Z /v1/produto/298c90d9-506a-4a4e-b34c-7fff4dae466c GET
2024-03-05T20:53:01.498Z /v1/produto/298c90d9-506a-4a4e-b34c-7fff4dae466c GET
2024-03-05T20:53:04.712Z /v1/produto GET
2024-03-05T20:53:04.764Z /v1/produto GET
2024-03-05T20:53:25.913Z /v1/produto GET
2024-03-05T20:53:30.681Z /v1/produto GET
2024-03-05T20:53:32.398Z /v1/produto GET
2024-03-05T20:53:39.577Z /v1/produto GET
2024-03-05T21:02:11.895Z /v1/produto GET
2024-03-05T21:02:11.949Z /v1/produto GET
2024-03-05T21:02:20.801Z /v1/produto GET
2024-03-05T21:02:20.857Z /v1/produto GET
2024-03-05T21:02:38.671Z /v1/produto GET
2024-03-05T21:02:38.734Z /v1/produto GET
2024-03-05T21:02:42.897Z /v1/produto GET
2024-03-05T21:02:42.948Z /v1/produto GET
2024-03-05T21:02:44.364Z /v1/produto/298c90d9-506a-4a4e-b34c-7fff4dae466c GET
2024-03-05T21:02:44.415Z /v1/produto/298c90d9-506a-4a4e-b34c-7fff4dae466c GET
2024-03-05T21:02:45.184Z /v1/produto GET
2024-03-05T21:02:45.235Z /v1/produto GET
2024-03-05T21:02:58.481Z /v1/produto GET
2024-03-05T21:02:58.539Z /v1/produto GET
2024-03-05T21:03:03.454Z /v1/produto GET
2024-03-05T21:03:03.517Z /v1/produto GET
2024-03-05T21:05:40.461Z /v1/produto GET
2024-03-05T21:05:40.543Z /v1/produto GET
2024-03-05T21:10:15.191Z /v1/produto GET
2024-03-05T21:10:15.258Z /v1/produto GET
2024-03-05T21:10:19.539Z /v1/produto GET
2024-03-05T21:10:19.607Z /v1/produto GET
2024-03-05T21:10:20.854Z /v1/produto/298c90d9-506a-4a4e-b34c-7fff4dae466c GET
2024-03-05T21:10:20.907Z /v1/produto/298c90d9-506a-4a4e-b34c-7fff4dae466c GET
2024-03-05T21:10:22.147Z /v1/produto GET
2024-03-05T21:10:22.203Z /v1/produto GET
2024-03-05T21:11:08.069Z /v1/produto GET
2024-03-05T21:11:08.129Z /v1/produto GET
2024-03-05T21:11:11.909Z /v1/produto GET
2024-03-05T21:11:11.957Z /v1/produto GET
2024-03-05T21:11:13.215Z /v1/produto/298c90d9-506a-4a4e-b34c-7fff4dae466c GET
2024-03-05T21:11:13.264Z /v1/produto/298c90d9-506a-4a4e-b34c-7fff4dae466c GET
2024-03-05T21:11:14.026Z /v1/produto GET
2024-03-05T21:11:14.079Z /v1/produto GET
2024-03-05T21:11:39.805Z /v1/produto GET
2024-03-05T21:11:39.862Z /v1/produto GET
2024-03-05T21:13:00.174Z /v1/produto GET
2024-03-05T21:13:00.235Z /v1/produto GET
2024-03-05T21:13:03.752Z /v1/produto GET
2024-03-05T21:13:03.803Z /v1/produto GET
2024-03-05T21:13:32.714Z /v1/produto GET
2024-03-05T21:13:32.772Z /v1/produto GET
2024-03-05T21:17:26.186Z /v1/produto POST
2024-03-05T21:17:28.201Z /v1/produto GET
2024-03-05T21:17:28.256Z /v1/produto GET
2024-03-05T21:19:11.854Z /v1/produto GET
2024-03-05T21:19:12.074Z /v1/produto GET
2024-03-05T21:19:25.093Z /v1/produto GET
2024-03-05T21:19:25.150Z /v1/produto GET
2024-03-05T21:19:34.919Z /v1/produto POST
2024-03-05T21:19:34.988Z /v1/produto GET
2024-03-05T21:19:35.038Z /v1/produto GET
2024-03-05T21:20:27.624Z /v1/produto GET
2024-03-05T21:20:27.687Z /v1/produto GET
2024-03-05T21:20:39.514Z /v1/produto POST
2024-03-05T21:20:39.613Z /v1/produto GET
2024-03-05T21:20:39.668Z /v1/produto GET
2024-03-05T21:33:53.730Z /v1/produto POST
2024-03-05T21:33:53.812Z /v1/produto GET
2024-03-05T21:33:53.864Z /v1/produto GET
2024-03-05T21:33:58.593Z /v1/produto/af3f820b-44e5-4404-98da-dd696f9957b4 GET
2024-03-05T21:33:58.650Z /v1/produto/af3f820b-44e5-4404-98da-dd696f9957b4 GET
2024-03-05T21:34:06.497Z /v1/produto/undefined GET
2024-03-05T21:34:06.577Z /v1/produto/undefined GET
2024-03-05T21:34:06.606Z /v1/produto/af3f820b-44e5-4404-98da-dd696f9957b4 GET
2024-03-07T20:10:21.250Z /v1/produto GET
2024-03-07T20:10:21.526Z /v1/produto GET
2024-03-07T20:10:24.714Z /v1/produto/298c90d9-506a-4a4e-b34c-7fff4dae466c GET
2024-03-07T20:10:24.767Z /v1/produto/298c90d9-506a-4a4e-b34c-7fff4dae466c GET
2024-03-07T20:57:53.311Z /v1/produto GET
2024-03-07T20:57:53.371Z /v1/produto GET
2024-03-07T20:57:54.605Z /v1/produto/298c90d9-506a-4a4e-b34c-7fff4dae466c GET
2024-03-07T20:57:54.655Z /v1/produto/298c90d9-506a-4a4e-b34c-7fff4dae466c GET
2024-03-07T20:58:03.618Z /v1/produto/298c90d9-506a-4a4e-b34c-7fff4dae466c GET
2024-03-07T20:58:03.667Z /v1/produto/298c90d9-506a-4a4e-b34c-7fff4dae466c GET
2024-03-07T20:58:46.842Z /v1/produto GET
2024-03-07T20:58:46.907Z /v1/produto GET
2024-03-07T20:58:48.347Z /v1/produto/298c90d9-506a-4a4e-b34c-7fff4dae466c GET
2024-03-07T20:58:48.397Z /v1/produto/298c90d9-506a-4a4e-b34c-7fff4dae466c GET
2024-03-07T20:58:49.920Z /v1/produto/298c90d9-506a-4a4e-b34c-7fff4dae466c GET
2024-03-07T20:58:49.971Z /v1/produto/298c90d9-506a-4a4e-b34c-7fff4dae466c GET
2024-03-07T20:59:30.399Z /v1/produto GET
2024-03-07T20:59:30.459Z /v1/produto GET
2024-03-07T20:59:31.751Z /v1/produto/298c90d9-506a-4a4e-b34c-7fff4dae466c GET
2024-03-07T20:59:31.802Z /v1/produto/298c90d9-506a-4a4e-b34c-7fff4dae466c GET
2024-03-07T20:59:33.165Z /v1/produto/298c90d9-506a-4a4e-b34c-7fff4dae466c GET
2024-03-07T20:59:33.223Z /v1/produto/298c90d9-506a-4a4e-b34c-7fff4dae466c GET
2024-03-07T20:59:39.066Z /v1/produto/298c90d9-506a-4a4e-b34c-7fff4dae466c PUT
2024-03-07T20:59:41.215Z /v1/produto/298c90d9-506a-4a4e-b34c-7fff4dae466c PUT
2024-03-07T20:59:41.388Z /v1/produto/298c90d9-506a-4a4e-b34c-7fff4dae466c PUT
2024-03-07T20:59:44.794Z /v1/produto GET
2024-03-07T20:59:44.854Z /v1/produto GET
2024-03-07T20:59:46.339Z /v1/produto/298c90d9-506a-4a4e-b34c-7fff4dae466c GET
2024-03-07T20:59:46.390Z /v1/produto/298c90d9-506a-4a4e-b34c-7fff4dae466c GET
2024-03-07T21:31:07.341Z /v1/produto GET
2024-03-07T21:31:07.419Z /v1/produto GET
